{"C:\\Users\\20506\\Desktop\\mini-vue\\src\\reactivity\\reactive.ts": {"path":"C:\\Users\\20506\\Desktop\\mini-vue\\src\\reactivity\\reactive.ts","statementMap":{"0":{"start":{"line":2,"column":2},"end":{"line":12,"column":5}},"1":{"start":{"line":4,"column":18},"end":{"line":4,"column":42}},"2":{"start":{"line":5,"column":6},"end":{"line":5,"column":17}},"3":{"start":{"line":9,"column":21},"end":{"line":9,"column":52}},"4":{"start":{"line":10,"column":6},"end":{"line":10,"column":20}}},"fnMap":{"0":{"name":"reactive","decl":{"start":{"line":1,"column":17},"end":{"line":1,"column":25}},"loc":{"start":{"line":1,"column":31},"end":{"line":13,"column":1}},"line":1},"1":{"name":"(anonymous_1)","decl":{"start":{"line":3,"column":4},"end":{"line":3,"column":5}},"loc":{"start":{"line":3,"column":21},"end":{"line":6,"column":5}},"line":3},"2":{"name":"(anonymous_2)","decl":{"start":{"line":7,"column":4},"end":{"line":7,"column":5}},"loc":{"start":{"line":7,"column":28},"end":{"line":11,"column":5}},"line":7}},"branchMap":{},"s":{"0":1,"1":1,"2":1,"3":0,"4":0},"f":{"0":1,"1":1,"2":0},"b":{},"_coverageSchema":"1a1c01bbd47fc00a2c39e90264f33305004495a9","hash":"fa6893617d3ccdf814f84847e0375ff646cf187a"}
}
